[2025-10-25 18:36:44,640]-[main] INFO  [Koin] - Started 5 definitions in 2.507 ms
[2025-10-25 18:36:44,655]-[main] INFO  Application - Application started in 0.533 seconds.
[2025-10-25 18:36:44,789]-[main] INFO  Application - Responding at http://0.0.0.0:8080
[2025-10-25 18:36:56,922]-[eventLoopGroupProxy-3-6] WARN  io.netty.util.concurrent.AbstractEventExecutor - A task raised an exception. Task: io.netty.channel.AbstractChannel$AbstractUnsafe$8@4e98321d
java.util.concurrent.RejectedExecutionException: event executor terminated
	at io.netty.util.concurrent.SingleThreadEventExecutor.reject(SingleThreadEventExecutor.java:1123)
	at io.netty.util.concurrent.SingleThreadEventExecutor.offerTask(SingleThreadEventExecutor.java:413)
	at io.netty.util.concurrent.SingleThreadEventExecutor.addTask(SingleThreadEventExecutor.java:406)
	at io.netty.util.concurrent.SingleThreadEventExecutor.execute(SingleThreadEventExecutor.java:1025)
	at io.netty.util.concurrent.SingleThreadEventExecutor.execute0(SingleThreadEventExecutor.java:991)
	at io.netty.util.concurrent.SingleThreadEventExecutor.execute(SingleThreadEventExecutor.java:981)
	at io.netty.channel.DefaultChannelPipeline.destroyUp(DefaultChannelPipeline.java:816)
	at io.netty.channel.DefaultChannelPipeline.destroy(DefaultChannelPipeline.java:801)
	at io.netty.channel.DefaultChannelPipeline.access$700(DefaultChannelPipeline.java:45)
	at io.netty.channel.DefaultChannelPipeline$HeadContext.channelUnregistered(DefaultChannelPipeline.java:1411)
	at io.netty.channel.DefaultChannelPipeline.fireChannelUnregistered(DefaultChannelPipeline.java:780)
	at io.netty.channel.AbstractChannel$AbstractUnsafe$8.run(AbstractChannel.java:692)
	at io.netty.util.concurrent.AbstractEventExecutor.runTask(AbstractEventExecutor.java:148)
	at io.netty.util.concurrent.AbstractEventExecutor.safeExecute(AbstractEventExecutor.java:141)
	at io.netty.util.concurrent.SingleThreadEventExecutor.runAllTasks(SingleThreadEventExecutor.java:535)
	at io.netty.channel.SingleThreadIoEventLoop.run(SingleThreadIoEventLoop.java:201)
	at io.netty.util.concurrent.SingleThreadEventExecutor$5.run(SingleThreadEventExecutor.java:1193)
	at io.netty.util.internal.ThreadExecutorMap$2.run(ThreadExecutorMap.java:74)
	at io.netty.util.concurrent.FastThreadLocalRunnable.run(FastThreadLocalRunnable.java:30)
	at java.base/java.lang.Thread.run(Thread.java:1583)
[2025-10-25 18:36:56,925]-[eventLoopGroupProxy-3-6] WARN  io.netty.util.concurrent.AbstractEventExecutor - A task raised an exception. Task: io.netty.channel.AbstractChannel$AbstractUnsafe$8@35fa1597
java.util.concurrent.RejectedExecutionException: event executor terminated
	at io.netty.util.concurrent.SingleThreadEventExecutor.reject(SingleThreadEventExecutor.java:1123)
	at io.netty.util.concurrent.SingleThreadEventExecutor.offerTask(SingleThreadEventExecutor.java:413)
	at io.netty.util.concurrent.SingleThreadEventExecutor.addTask(SingleThreadEventExecutor.java:406)
	at io.netty.util.concurrent.SingleThreadEventExecutor.execute(SingleThreadEventExecutor.java:1025)
	at io.netty.util.concurrent.SingleThreadEventExecutor.execute0(SingleThreadEventExecutor.java:991)
	at io.netty.util.concurrent.SingleThreadEventExecutor.execute(SingleThreadEventExecutor.java:981)
	at io.netty.channel.DefaultChannelPipeline.destroyUp(DefaultChannelPipeline.java:816)
	at io.netty.channel.DefaultChannelPipeline.destroy(DefaultChannelPipeline.java:801)
	at io.netty.channel.DefaultChannelPipeline.access$700(DefaultChannelPipeline.java:45)
	at io.netty.channel.DefaultChannelPipeline$HeadContext.channelUnregistered(DefaultChannelPipeline.java:1411)
	at io.netty.channel.DefaultChannelPipeline.fireChannelUnregistered(DefaultChannelPipeline.java:780)
	at io.netty.channel.AbstractChannel$AbstractUnsafe$8.run(AbstractChannel.java:692)
	at io.netty.util.concurrent.AbstractEventExecutor.runTask(AbstractEventExecutor.java:148)
	at io.netty.util.concurrent.AbstractEventExecutor.safeExecute(AbstractEventExecutor.java:141)
	at io.netty.util.concurrent.SingleThreadEventExecutor.runAllTasks(SingleThreadEventExecutor.java:535)
	at io.netty.channel.SingleThreadIoEventLoop.run(SingleThreadIoEventLoop.java:201)
	at io.netty.util.concurrent.SingleThreadEventExecutor$5.run(SingleThreadEventExecutor.java:1193)
	at io.netty.util.internal.ThreadExecutorMap$2.run(ThreadExecutorMap.java:74)
	at io.netty.util.concurrent.FastThreadLocalRunnable.run(FastThreadLocalRunnable.java:30)
	at java.base/java.lang.Thread.run(Thread.java:1583)
